Analysis & Synthesis report for projeto
Tue Nov 21 19:29:15 2017
Quartus II 32-bit Version 13.0.1 Build 232 06/12/2013 Service Pack 1 SJ Web Edition


---------------------
; Table of Contents ;
---------------------
  1. Legal Notice
  2. Analysis & Synthesis Summary
  3. Analysis & Synthesis Settings
  4. Parallel Compilation
  5. Analysis & Synthesis Source Files Read
  6. Analysis & Synthesis Resource Usage Summary
  7. Analysis & Synthesis Resource Utilization by Entity
  8. State Machine - |projeto|controlador:controller|estado_atual
  9. User-Specified and Inferred Latches
 10. Registers Removed During Synthesis
 11. General Register Statistics
 12. Multiplexer Restructuring Statistics (Restructuring Performed)
 13. Port Connectivity Checks: "datapath:dtp_fsm|mux8:m0"
 14. Port Connectivity Checks: "datapath:dtp_fsm|registrador:reg_aux"
 15. Elapsed Time Per Partition
 16. Analysis & Synthesis Messages



----------------
; Legal Notice ;
----------------
Copyright (C) 1991-2013 Altera Corporation
Your use of Altera Corporation's design tools, logic functions 
and other software and tools, and its AMPP partner logic 
functions, and any output files from any of the foregoing 
(including device programming or simulation files), and any 
associated documentation or information are expressly subject 
to the terms and conditions of the Altera Program License 
Subscription Agreement, Altera MegaCore Function License 
Agreement, or other applicable license agreement, including, 
without limitation, that your use is for the sole purpose of 
programming logic devices manufactured by Altera and sold by 
Altera or its authorized distributors.  Please refer to the 
applicable agreement for further details.



+--------------------------------------------------------------------------------------+
; Analysis & Synthesis Summary                                                         ;
+------------------------------------+-------------------------------------------------+
; Analysis & Synthesis Status        ; Successful - Tue Nov 21 19:29:15 2017           ;
; Quartus II 32-bit Version          ; 13.0.1 Build 232 06/12/2013 SP 1 SJ Web Edition ;
; Revision Name                      ; projeto                                         ;
; Top-level Entity Name              ; projeto                                         ;
; Family                             ; Cyclone II                                      ;
; Total logic elements               ; 323                                             ;
;     Total combinational functions  ; 242                                             ;
;     Dedicated logic registers      ; 130                                             ;
; Total registers                    ; 130                                             ;
; Total pins                         ; 53                                              ;
; Total virtual pins                 ; 0                                               ;
; Total memory bits                  ; 0                                               ;
; Embedded Multiplier 9-bit elements ; 0                                               ;
; Total PLLs                         ; 0                                               ;
+------------------------------------+-------------------------------------------------+


+----------------------------------------------------------------------------------------------------------------------+
; Analysis & Synthesis Settings                                                                                        ;
+----------------------------------------------------------------------------+--------------------+--------------------+
; Option                                                                     ; Setting            ; Default Value      ;
+----------------------------------------------------------------------------+--------------------+--------------------+
; Device                                                                     ; EP2C35F672C6       ;                    ;
; Top-level entity name                                                      ; projeto            ; projeto            ;
; Family name                                                                ; Cyclone II         ; Cyclone IV GX      ;
; Use smart compilation                                                      ; Off                ; Off                ;
; Enable parallel Assembler and TimeQuest Timing Analyzer during compilation ; On                 ; On                 ;
; Enable compact report table                                                ; Off                ; Off                ;
; Restructure Multiplexers                                                   ; Auto               ; Auto               ;
; Create Debugging Nodes for IP Cores                                        ; Off                ; Off                ;
; Preserve fewer node names                                                  ; On                 ; On                 ;
; Disable OpenCore Plus hardware evaluation                                  ; Off                ; Off                ;
; Verilog Version                                                            ; Verilog_2001       ; Verilog_2001       ;
; VHDL Version                                                               ; VHDL_1993          ; VHDL_1993          ;
; State Machine Processing                                                   ; Auto               ; Auto               ;
; Safe State Machine                                                         ; Off                ; Off                ;
; Extract Verilog State Machines                                             ; On                 ; On                 ;
; Extract VHDL State Machines                                                ; On                 ; On                 ;
; Ignore Verilog initial constructs                                          ; Off                ; Off                ;
; Iteration limit for constant Verilog loops                                 ; 5000               ; 5000               ;
; Iteration limit for non-constant Verilog loops                             ; 250                ; 250                ;
; Add Pass-Through Logic to Inferred RAMs                                    ; On                 ; On                 ;
; Infer RAMs from Raw Logic                                                  ; On                 ; On                 ;
; Parallel Synthesis                                                         ; On                 ; On                 ;
; DSP Block Balancing                                                        ; Auto               ; Auto               ;
; NOT Gate Push-Back                                                         ; On                 ; On                 ;
; Power-Up Don't Care                                                        ; On                 ; On                 ;
; Remove Redundant Logic Cells                                               ; Off                ; Off                ;
; Remove Duplicate Registers                                                 ; On                 ; On                 ;
; Ignore CARRY Buffers                                                       ; Off                ; Off                ;
; Ignore CASCADE Buffers                                                     ; Off                ; Off                ;
; Ignore GLOBAL Buffers                                                      ; Off                ; Off                ;
; Ignore ROW GLOBAL Buffers                                                  ; Off                ; Off                ;
; Ignore LCELL Buffers                                                       ; Off                ; Off                ;
; Ignore SOFT Buffers                                                        ; On                 ; On                 ;
; Limit AHDL Integers to 32 Bits                                             ; Off                ; Off                ;
; Optimization Technique                                                     ; Balanced           ; Balanced           ;
; Carry Chain Length                                                         ; 70                 ; 70                 ;
; Auto Carry Chains                                                          ; On                 ; On                 ;
; Auto Open-Drain Pins                                                       ; On                 ; On                 ;
; Perform WYSIWYG Primitive Resynthesis                                      ; Off                ; Off                ;
; Auto ROM Replacement                                                       ; On                 ; On                 ;
; Auto RAM Replacement                                                       ; On                 ; On                 ;
; Auto Shift Register Replacement                                            ; Auto               ; Auto               ;
; Allow Shift Register Merging across Hierarchies                            ; Auto               ; Auto               ;
; Auto Clock Enable Replacement                                              ; On                 ; On                 ;
; Strict RAM Replacement                                                     ; Off                ; Off                ;
; Allow Synchronous Control Signals                                          ; On                 ; On                 ;
; Force Use of Synchronous Clear Signals                                     ; Off                ; Off                ;
; Auto RAM to Logic Cell Conversion                                          ; Off                ; Off                ;
; Auto Resource Sharing                                                      ; Off                ; Off                ;
; Allow Any RAM Size For Recognition                                         ; Off                ; Off                ;
; Allow Any ROM Size For Recognition                                         ; Off                ; Off                ;
; Allow Any Shift Register Size For Recognition                              ; Off                ; Off                ;
; Use LogicLock Constraints during Resource Balancing                        ; On                 ; On                 ;
; Ignore translate_off and synthesis_off directives                          ; Off                ; Off                ;
; Timing-Driven Synthesis                                                    ; Off                ; Off                ;
; Report Parameter Settings                                                  ; On                 ; On                 ;
; Report Source Assignments                                                  ; On                 ; On                 ;
; Report Connectivity Checks                                                 ; On                 ; On                 ;
; Ignore Maximum Fan-Out Assignments                                         ; Off                ; Off                ;
; Synchronization Register Chain Length                                      ; 2                  ; 2                  ;
; PowerPlay Power Optimization                                               ; Normal compilation ; Normal compilation ;
; HDL message level                                                          ; Level2             ; Level2             ;
; Suppress Register Optimization Related Messages                            ; Off                ; Off                ;
; Number of Removed Registers Reported in Synthesis Report                   ; 5000               ; 5000               ;
; Number of Swept Nodes Reported in Synthesis Report                         ; 5000               ; 5000               ;
; Number of Inverted Registers Reported in Synthesis Report                  ; 100                ; 100                ;
; Clock MUX Protection                                                       ; On                 ; On                 ;
; Auto Gated Clock Conversion                                                ; Off                ; Off                ;
; Block Design Naming                                                        ; Auto               ; Auto               ;
; SDC constraint protection                                                  ; Off                ; Off                ;
; Synthesis Effort                                                           ; Auto               ; Auto               ;
; Shift Register Replacement - Allow Asynchronous Clear Signal               ; On                 ; On                 ;
; Pre-Mapping Resynthesis Optimization                                       ; Off                ; Off                ;
; Analysis & Synthesis Message Level                                         ; Medium             ; Medium             ;
; Disable Register Merging Across Hierarchies                                ; Auto               ; Auto               ;
; Resource Aware Inference For Block RAM                                     ; On                 ; On                 ;
; Synthesis Seed                                                             ; 1                  ; 1                  ;
+----------------------------------------------------------------------------+--------------------+--------------------+


+------------------------------------------+
; Parallel Compilation                     ;
+----------------------------+-------------+
; Processors                 ; Number      ;
+----------------------------+-------------+
; Number detected on machine ; 2           ;
; Maximum allowed            ; 2           ;
;                            ;             ;
; Average used               ; 1.00        ;
; Maximum used               ; 1           ;
;                            ;             ;
; Usage by Processor         ; % Time Used ;
;     Processor 1            ; 100.0%      ;
;     Processor 2            ;   0.0%      ;
+----------------------------+-------------+


+----------------------------------------------------------------------------------------------------------------------------------------+
; Analysis & Synthesis Source Files Read                                                                                                 ;
+----------------------------------+-----------------+-----------------+-------------------------------------------------------+---------+
; File Name with User-Entered Path ; Used in Netlist ; File Type       ; File Name with Absolute Path                          ; Library ;
+----------------------------------+-----------------+-----------------+-------------------------------------------------------+---------+
; registrador.vhd                  ; yes             ; User VHDL File  ; C:/Users/aluno/Downloads/ProjetoLuiz/registrador.vhd  ;         ;
; mux8.vhd                         ; yes             ; User VHDL File  ; C:/Users/aluno/Downloads/ProjetoLuiz/mux8.vhd         ;         ;
; mux2.vhd                         ; yes             ; User VHDL File  ; C:/Users/aluno/Downloads/ProjetoLuiz/mux2.vhd         ;         ;
; datapath.vhd                     ; yes             ; User VHDL File  ; C:/Users/aluno/Downloads/ProjetoLuiz/datapath.vhd     ;         ;
; alu.vhd                          ; yes             ; User VHDL File  ; C:/Users/aluno/Downloads/ProjetoLuiz/alu.vhd          ;         ;
; controlador.vhd                  ; yes             ; User VHDL File  ; C:/Users/aluno/Downloads/ProjetoLuiz/controlador.vhd  ;         ;
; projeto.vhd                      ; yes             ; User VHDL File  ; C:/Users/aluno/Downloads/ProjetoLuiz/projeto.vhd      ;         ;
; registrador8.vhd                 ; yes             ; User VHDL File  ; C:/Users/aluno/Downloads/ProjetoLuiz/registrador8.vhd ;         ;
+----------------------------------+-----------------+-----------------+-------------------------------------------------------+---------+


+-----------------------------------------------------+
; Analysis & Synthesis Resource Usage Summary         ;
+---------------------------------------------+-------+
; Resource                                    ; Usage ;
+---------------------------------------------+-------+
; Estimated Total logic elements              ; 323   ;
;                                             ;       ;
; Total combinational functions               ; 242   ;
; Logic element usage by number of LUT inputs ;       ;
;     -- 4 input functions                    ; 164   ;
;     -- 3 input functions                    ; 39    ;
;     -- <=2 input functions                  ; 39    ;
;                                             ;       ;
; Logic elements by mode                      ;       ;
;     -- normal mode                          ; 226   ;
;     -- arithmetic mode                      ; 16    ;
;                                             ;       ;
; Total registers                             ; 130   ;
;     -- Dedicated logic registers            ; 130   ;
;     -- I/O registers                        ; 0     ;
;                                             ;       ;
; I/O pins                                    ; 53    ;
; Embedded Multiplier 9-bit elements          ; 0     ;
; Maximum fan-out node                        ; clk   ;
; Maximum fan-out                             ; 130   ;
; Total fan-out                               ; 1399  ;
; Average fan-out                             ; 3.29  ;
+---------------------------------------------+-------+


+--------------------------------------------------------------------------------------------------------------------------------------------------------------------------------------------------------+
; Analysis & Synthesis Resource Utilization by Entity                                                                                                                                                    ;
+-----------------------------+-------------------+--------------+-------------+--------------+---------+-----------+------+--------------+-----------------------------------------------+--------------+
; Compilation Hierarchy Node  ; LC Combinationals ; LC Registers ; Memory Bits ; DSP Elements ; DSP 9x9 ; DSP 18x18 ; Pins ; Virtual Pins ; Full Hierarchy Name                           ; Library Name ;
+-----------------------------+-------------------+--------------+-------------+--------------+---------+-----------+------+--------------+-----------------------------------------------+--------------+
; |projeto                    ; 242 (0)           ; 130 (0)      ; 0           ; 0            ; 0       ; 0         ; 53   ; 0            ; |projeto                                      ; work         ;
;    |controlador:controller| ; 56 (56)           ; 18 (18)      ; 0           ; 0            ; 0       ; 0         ; 0    ; 0            ; |projeto|controlador:controller               ; work         ;
;    |datapath:dtp_fsm|       ; 186 (0)           ; 112 (0)      ; 0           ; 0            ; 0       ; 0         ; 0    ; 0            ; |projeto|datapath:dtp_fsm                     ; work         ;
;       |alu:alu_final|       ; 45 (45)           ; 0 (0)        ; 0           ; 0            ; 0       ; 0         ; 0    ; 0            ; |projeto|datapath:dtp_fsm|alu:alu_final       ; work         ;
;       |mux2:m1|             ; 32 (32)           ; 0 (0)        ; 0           ; 0            ; 0       ; 0         ; 0    ; 0            ; |projeto|datapath:dtp_fsm|mux2:m1             ; work         ;
;       |mux2:m2|             ; 32 (32)           ; 0 (0)        ; 0           ; 0            ; 0       ; 0         ; 0    ; 0            ; |projeto|datapath:dtp_fsm|mux2:m2             ; work         ;
;       |mux8:m0|             ; 77 (77)           ; 0 (0)        ; 0           ; 0            ; 0       ; 0         ; 0    ; 0            ; |projeto|datapath:dtp_fsm|mux8:m0             ; work         ;
;       |registrador8:reg_IR| ; 0 (0)             ; 8 (8)        ; 0           ; 0            ; 0       ; 0         ; 0    ; 0            ; |projeto|datapath:dtp_fsm|registrador8:reg_IR ; work         ;
;       |registrador:reg_aux| ; 0 (0)             ; 8 (8)        ; 0           ; 0            ; 0       ; 0         ; 0    ; 0            ; |projeto|datapath:dtp_fsm|registrador:reg_aux ; work         ;
;       |registrador:reg_a|   ; 0 (0)             ; 16 (16)      ; 0           ; 0            ; 0       ; 0         ; 0    ; 0            ; |projeto|datapath:dtp_fsm|registrador:reg_a   ; work         ;
;       |registrador:reg_b|   ; 0 (0)             ; 16 (16)      ; 0           ; 0            ; 0       ; 0         ; 0    ; 0            ; |projeto|datapath:dtp_fsm|registrador:reg_b   ; work         ;
;       |registrador:reg_c|   ; 0 (0)             ; 16 (16)      ; 0           ; 0            ; 0       ; 0         ; 0    ; 0            ; |projeto|datapath:dtp_fsm|registrador:reg_c   ; work         ;
;       |registrador:reg_d|   ; 0 (0)             ; 16 (16)      ; 0           ; 0            ; 0       ; 0         ; 0    ; 0            ; |projeto|datapath:dtp_fsm|registrador:reg_d   ; work         ;
;       |registrador:reg_in|  ; 0 (0)             ; 16 (16)      ; 0           ; 0            ; 0       ; 0         ; 0    ; 0            ; |projeto|datapath:dtp_fsm|registrador:reg_in  ; work         ;
;       |registrador:reg_out| ; 0 (0)             ; 16 (16)      ; 0           ; 0            ; 0       ; 0         ; 0    ; 0            ; |projeto|datapath:dtp_fsm|registrador:reg_out ; work         ;
+-----------------------------+-------------------+--------------+-------------+--------------+---------+-----------+------+--------------+-----------------------------------------------+--------------+
Note: For table entries with two numbers listed, the numbers in parentheses indicate the number of resources of the given type used by the specific entity alone. The numbers listed outside of parentheses indicate the total resources of the given type used by the specific entity and all of its sub-entities in the hierarchy.


Encoding Type:  One-Hot
+--------------------------------------------------------------------------------------------------------------------------------------------------------------------------------------------------------------------------------------------------------------------------------------------------------------------------------------------------------------------------------------------+
; State Machine - |projeto|controlador:controller|estado_atual                                                                                                                                                                                                                                                                                                                               ;
+-------------------------+------------------+-----------------+------------------+------------------+------------------+--------------------+-----------------+-----------------+------------------+------------------+------------------+-----------------+----------------+----------------------+-------------------+-------------------------+--------------------+---------------------+
; Name                    ; estado_atual.NOP ; estado_atual.JZ ; estado_atual.JMP ; estado_atual.MVI ; estado_atual.SAI ; estado_atual.ENTRA ; estado_atual.ST ; estado_atual.LD ; estado_atual.MOV ; estado_atual.NOU ; estado_atual.NAO ; estado_atual.OU ; estado_atual.E ; estado_atual.SUBTRAI ; estado_atual.SOMA ; estado_atual.DECODIFICA ; estado_atual.BUSCA ; estado_atual.INICIO ;
+-------------------------+------------------+-----------------+------------------+------------------+------------------+--------------------+-----------------+-----------------+------------------+------------------+------------------+-----------------+----------------+----------------------+-------------------+-------------------------+--------------------+---------------------+
; estado_atual.INICIO     ; 0                ; 0               ; 0                ; 0                ; 0                ; 0                  ; 0               ; 0               ; 0                ; 0                ; 0                ; 0               ; 0              ; 0                    ; 0                 ; 0                       ; 0                  ; 0                   ;
; estado_atual.BUSCA      ; 0                ; 0               ; 0                ; 0                ; 0                ; 0                  ; 0               ; 0               ; 0                ; 0                ; 0                ; 0               ; 0              ; 0                    ; 0                 ; 0                       ; 1                  ; 1                   ;
; estado_atual.DECODIFICA ; 0                ; 0               ; 0                ; 0                ; 0                ; 0                  ; 0               ; 0               ; 0                ; 0                ; 0                ; 0               ; 0              ; 0                    ; 0                 ; 1                       ; 0                  ; 1                   ;
; estado_atual.SOMA       ; 0                ; 0               ; 0                ; 0                ; 0                ; 0                  ; 0               ; 0               ; 0                ; 0                ; 0                ; 0               ; 0              ; 0                    ; 1                 ; 0                       ; 0                  ; 1                   ;
; estado_atual.SUBTRAI    ; 0                ; 0               ; 0                ; 0                ; 0                ; 0                  ; 0               ; 0               ; 0                ; 0                ; 0                ; 0               ; 0              ; 1                    ; 0                 ; 0                       ; 0                  ; 1                   ;
; estado_atual.E          ; 0                ; 0               ; 0                ; 0                ; 0                ; 0                  ; 0               ; 0               ; 0                ; 0                ; 0                ; 0               ; 1              ; 0                    ; 0                 ; 0                       ; 0                  ; 1                   ;
; estado_atual.OU         ; 0                ; 0               ; 0                ; 0                ; 0                ; 0                  ; 0               ; 0               ; 0                ; 0                ; 0                ; 1               ; 0              ; 0                    ; 0                 ; 0                       ; 0                  ; 1                   ;
; estado_atual.NAO        ; 0                ; 0               ; 0                ; 0                ; 0                ; 0                  ; 0               ; 0               ; 0                ; 0                ; 1                ; 0               ; 0              ; 0                    ; 0                 ; 0                       ; 0                  ; 1                   ;
; estado_atual.NOU        ; 0                ; 0               ; 0                ; 0                ; 0                ; 0                  ; 0               ; 0               ; 0                ; 1                ; 0                ; 0               ; 0              ; 0                    ; 0                 ; 0                       ; 0                  ; 1                   ;
; estado_atual.MOV        ; 0                ; 0               ; 0                ; 0                ; 0                ; 0                  ; 0               ; 0               ; 1                ; 0                ; 0                ; 0               ; 0              ; 0                    ; 0                 ; 0                       ; 0                  ; 1                   ;
; estado_atual.LD         ; 0                ; 0               ; 0                ; 0                ; 0                ; 0                  ; 0               ; 1               ; 0                ; 0                ; 0                ; 0               ; 0              ; 0                    ; 0                 ; 0                       ; 0                  ; 1                   ;
; estado_atual.ST         ; 0                ; 0               ; 0                ; 0                ; 0                ; 0                  ; 1               ; 0               ; 0                ; 0                ; 0                ; 0               ; 0              ; 0                    ; 0                 ; 0                       ; 0                  ; 1                   ;
; estado_atual.ENTRA      ; 0                ; 0               ; 0                ; 0                ; 0                ; 1                  ; 0               ; 0               ; 0                ; 0                ; 0                ; 0               ; 0              ; 0                    ; 0                 ; 0                       ; 0                  ; 1                   ;
; estado_atual.SAI        ; 0                ; 0               ; 0                ; 0                ; 1                ; 0                  ; 0               ; 0               ; 0                ; 0                ; 0                ; 0               ; 0              ; 0                    ; 0                 ; 0                       ; 0                  ; 1                   ;
; estado_atual.MVI        ; 0                ; 0               ; 0                ; 1                ; 0                ; 0                  ; 0               ; 0               ; 0                ; 0                ; 0                ; 0               ; 0              ; 0                    ; 0                 ; 0                       ; 0                  ; 1                   ;
; estado_atual.JMP        ; 0                ; 0               ; 1                ; 0                ; 0                ; 0                  ; 0               ; 0               ; 0                ; 0                ; 0                ; 0               ; 0              ; 0                    ; 0                 ; 0                       ; 0                  ; 1                   ;
; estado_atual.JZ         ; 0                ; 1               ; 0                ; 0                ; 0                ; 0                  ; 0               ; 0               ; 0                ; 0                ; 0                ; 0               ; 0              ; 0                    ; 0                 ; 0                       ; 0                  ; 1                   ;
; estado_atual.NOP        ; 1                ; 0               ; 0                ; 0                ; 0                ; 0                  ; 0               ; 0               ; 0                ; 0                ; 0                ; 0               ; 0              ; 0                    ; 0                 ; 0                       ; 0                  ; 1                   ;
+-------------------------+------------------+-----------------+------------------+------------------+------------------+--------------------+-----------------+-----------------+------------------+------------------+------------------+-----------------+----------------+----------------------+-------------------+-------------------------+--------------------+---------------------+


+----------------------------------------------------------------------------------------------------------------+
; User-Specified and Inferred Latches                                                                            ;
+-----------------------------------------------------+---------------------------------+------------------------+
; Latch Name                                          ; Latch Enable Signal             ; Free of Timing Hazards ;
+-----------------------------------------------------+---------------------------------+------------------------+
; controlador:controller|INST_EXEC_SIG                ; controlador:controller|WideOr6  ; yes                    ;
; controlador:controller|Sel_Mux_1[1]                 ; controlador:controller|WideOr13 ; yes                    ;
; controlador:controller|Sel_Mux_1[0]                 ; controlador:controller|WideOr13 ; yes                    ;
; controlador:controller|ld_Rout                      ; controlador:controller|WideOr5  ; yes                    ;
; controlador:controller|Sel_Mux_2[1]                 ; controlador:controller|WideOr8  ; yes                    ;
; controlador:controller|Sel_Mux_2[0]                 ; controlador:controller|WideOr8  ; yes                    ;
; controlador:controller|Sel_ALU[0]                   ; controlador:controller|WideOr8  ; yes                    ;
; controlador:controller|Sel_ALU[1]                   ; controlador:controller|WideOr8  ; yes                    ;
; controlador:controller|Sel_ALU[2]                   ; controlador:controller|WideOr8  ; yes                    ;
; controlador:controller|Sel_Mux_0[1]                 ; controlador:controller|WideOr16 ; yes                    ;
; controlador:controller|Sel_Mux_0[0]                 ; controlador:controller|WideOr16 ; yes                    ;
; controlador:controller|ld_Rb                        ; controlador:controller|WideOr3  ; yes                    ;
; controlador:controller|ld_Rc                        ; controlador:controller|WideOr3  ; yes                    ;
; controlador:controller|ld_Ra                        ; controlador:controller|WideOr3  ; yes                    ;
; controlador:controller|ld_Rd                        ; controlador:controller|WideOr3  ; yes                    ;
; controlador:controller|ld_Raux                      ; controlador:controller|WideOr1  ; yes                    ;
; controlador:controller|ld_IR                        ; controlador:controller|WideOr1  ; yes                    ;
; Number of user-specified and inferred latches = 17  ;                                 ;                        ;
+-----------------------------------------------------+---------------------------------+------------------------+
Note: All latches listed above may not be present at the end of synthesis due to various synthesis optimizations.


+----------------------------------------------------------------------------------------+
; Registers Removed During Synthesis                                                     ;
+-----------------------------------------------+----------------------------------------+
; Register name                                 ; Reason for Removal                     ;
+-----------------------------------------------+----------------------------------------+
; datapath:dtp_fsm|registrador:reg_aux|q[8..15] ; Stuck at GND due to stuck port data_in ;
; Total Number of Removed Registers = 8         ;                                        ;
+-----------------------------------------------+----------------------------------------+


+------------------------------------------------------+
; General Register Statistics                          ;
+----------------------------------------------+-------+
; Statistic                                    ; Value ;
+----------------------------------------------+-------+
; Total registers                              ; 130   ;
; Number of registers using Synchronous Clear  ; 14    ;
; Number of registers using Synchronous Load   ; 0     ;
; Number of registers using Asynchronous Clear ; 130   ;
; Number of registers using Asynchronous Load  ; 0     ;
; Number of registers using Clock Enable       ; 112   ;
; Number of registers using Preset             ; 0     ;
+----------------------------------------------+-------+


+---------------------------------------------------------------------------------------------------------------------------------------------------------+
; Multiplexer Restructuring Statistics (Restructuring Performed)                                                                                          ;
+--------------------+-----------+---------------+----------------------+------------------------+------------+-------------------------------------------+
; Multiplexer Inputs ; Bus Width ; Baseline Area ; Area if Restructured ; Saving if Restructured ; Registered ; Example Multiplexer Output                ;
+--------------------+-----------+---------------+----------------------+------------------------+------------+-------------------------------------------+
; 4:1                ; 16 bits   ; 32 LEs        ; 32 LEs               ; 0 LEs                  ; No         ; |projeto|datapath:dtp_fsm|mux2:m1|Mux8    ;
; 4:1                ; 16 bits   ; 32 LEs        ; 32 LEs               ; 0 LEs                  ; No         ; |projeto|datapath:dtp_fsm|mux2:m2|Mux12   ;
; 11:1               ; 8 bits    ; 56 LEs        ; 32 LEs               ; 24 LEs                 ; No         ; |projeto|datapath:dtp_fsm|mux8:m0|Mux0    ;
; 11:1               ; 8 bits    ; 56 LEs        ; 40 LEs               ; 16 LEs                 ; No         ; |projeto|datapath:dtp_fsm|mux8:m0|Mux13   ;
; 9:1                ; 4 bits    ; 24 LEs        ; 8 LEs                ; 16 LEs                 ; No         ; |projeto|controlador:controller|Selector0 ;
+--------------------+-----------+---------------+----------------------+------------------------+------------+-------------------------------------------+


+------------------------------------------------------+
; Port Connectivity Checks: "datapath:dtp_fsm|mux8:m0" ;
+------+-------+----------+----------------------------+
; Port ; Type  ; Severity ; Details                    ;
+------+-------+----------+----------------------------+
; s_4  ; Input ; Info     ; Stuck at GND               ;
; s_5  ; Input ; Info     ; Stuck at GND               ;
; s_6  ; Input ; Info     ; Stuck at GND               ;
; s_7  ; Input ; Info     ; Stuck at GND               ;
+------+-------+----------+----------------------------+


+------------------------------------------------------------------+
; Port Connectivity Checks: "datapath:dtp_fsm|registrador:reg_aux" ;
+----------+-------+----------+------------------------------------+
; Port     ; Type  ; Severity ; Details                            ;
+----------+-------+----------+------------------------------------+
; d[15..8] ; Input ; Info     ; Stuck at GND                       ;
+----------+-------+----------+------------------------------------+


+-------------------------------+
; Elapsed Time Per Partition    ;
+----------------+--------------+
; Partition Name ; Elapsed Time ;
+----------------+--------------+
; Top            ; 00:00:02     ;
+----------------+--------------+


+-------------------------------+
; Analysis & Synthesis Messages ;
+-------------------------------+
Info: *******************************************************************
Info: Running Quartus II 32-bit Analysis & Synthesis
    Info: Version 13.0.1 Build 232 06/12/2013 Service Pack 1 SJ Web Edition
    Info: Processing started: Tue Nov 21 19:29:00 2017
Info: Command: quartus_map --read_settings_files=on --write_settings_files=off projeto -c projeto
Info (20030): Parallel compilation is enabled and will use 2 of the 2 processors detected
Info (12021): Found 2 design units, including 1 entities, in source file registrador.vhd
    Info (12022): Found design unit 1: registrador-arch
    Info (12023): Found entity 1: registrador
Info (12021): Found 2 design units, including 1 entities, in source file mux8.vhd
    Info (12022): Found design unit 1: mux8-arch
    Info (12023): Found entity 1: mux8
Info (12021): Found 2 design units, including 1 entities, in source file mux2.vhd
    Info (12022): Found design unit 1: mux2-arch
    Info (12023): Found entity 1: mux2
Info (12021): Found 2 design units, including 1 entities, in source file datapath.vhd
    Info (12022): Found design unit 1: datapath-arch
    Info (12023): Found entity 1: datapath
Info (12021): Found 2 design units, including 1 entities, in source file alu.vhd
    Info (12022): Found design unit 1: alu-arch
    Info (12023): Found entity 1: alu
Info (12021): Found 2 design units, including 1 entities, in source file controlador.vhd
    Info (12022): Found design unit 1: controlador-arch
    Info (12023): Found entity 1: controlador
Info (12021): Found 2 design units, including 1 entities, in source file projeto.vhd
    Info (12022): Found design unit 1: projeto-arch
    Info (12023): Found entity 1: projeto
Info (12021): Found 2 design units, including 1 entities, in source file registrador8.vhd
    Info (12022): Found design unit 1: registrador8-arch
    Info (12023): Found entity 1: registrador8
Info (12127): Elaborating entity "projeto" for the top level hierarchy
Info (12128): Elaborating entity "datapath" for hierarchy "datapath:dtp_fsm"
Info (12128): Elaborating entity "registrador" for hierarchy "datapath:dtp_fsm|registrador:reg_in"
Info (12128): Elaborating entity "registrador8" for hierarchy "datapath:dtp_fsm|registrador8:reg_IR"
Info (12128): Elaborating entity "mux8" for hierarchy "datapath:dtp_fsm|mux8:m0"
Info (12128): Elaborating entity "mux2" for hierarchy "datapath:dtp_fsm|mux2:m1"
Info (12128): Elaborating entity "alu" for hierarchy "datapath:dtp_fsm|alu:alu_final"
Warning (10492): VHDL Process Statement warning at alu.vhd(19): signal "mux1" is read inside the Process Statement but isn't in the Process Statement's sensitivity list
Warning (10492): VHDL Process Statement warning at alu.vhd(19): signal "mux2" is read inside the Process Statement but isn't in the Process Statement's sensitivity list
Warning (10492): VHDL Process Statement warning at alu.vhd(20): signal "mux1" is read inside the Process Statement but isn't in the Process Statement's sensitivity list
Warning (10492): VHDL Process Statement warning at alu.vhd(20): signal "mux2" is read inside the Process Statement but isn't in the Process Statement's sensitivity list
Warning (10492): VHDL Process Statement warning at alu.vhd(21): signal "mux1" is read inside the Process Statement but isn't in the Process Statement's sensitivity list
Warning (10492): VHDL Process Statement warning at alu.vhd(21): signal "mux2" is read inside the Process Statement but isn't in the Process Statement's sensitivity list
Warning (10492): VHDL Process Statement warning at alu.vhd(22): signal "mux1" is read inside the Process Statement but isn't in the Process Statement's sensitivity list
Warning (10492): VHDL Process Statement warning at alu.vhd(22): signal "mux2" is read inside the Process Statement but isn't in the Process Statement's sensitivity list
Warning (10492): VHDL Process Statement warning at alu.vhd(23): signal "mux2" is read inside the Process Statement but isn't in the Process Statement's sensitivity list
Warning (10492): VHDL Process Statement warning at alu.vhd(24): signal "mux1" is read inside the Process Statement but isn't in the Process Statement's sensitivity list
Warning (10492): VHDL Process Statement warning at alu.vhd(24): signal "mux2" is read inside the Process Statement but isn't in the Process Statement's sensitivity list
Info (12128): Elaborating entity "controlador" for hierarchy "controlador:controller"
Warning (10492): VHDL Process Statement warning at controlador.vhd(155): signal "INST" is read inside the Process Statement but isn't in the Process Statement's sensitivity list
Warning (10492): VHDL Process Statement warning at controlador.vhd(156): signal "INST" is read inside the Process Statement but isn't in the Process Statement's sensitivity list
Warning (10492): VHDL Process Statement warning at controlador.vhd(158): signal "INST" is read inside the Process Statement but isn't in the Process Statement's sensitivity list
Warning (10492): VHDL Process Statement warning at controlador.vhd(163): signal "INST" is read inside the Process Statement but isn't in the Process Statement's sensitivity list
Warning (10492): VHDL Process Statement warning at controlador.vhd(168): signal "INST" is read inside the Process Statement but isn't in the Process Statement's sensitivity list
Warning (10492): VHDL Process Statement warning at controlador.vhd(173): signal "INST" is read inside the Process Statement but isn't in the Process Statement's sensitivity list
Warning (10492): VHDL Process Statement warning at controlador.vhd(183): signal "INST" is read inside the Process Statement but isn't in the Process Statement's sensitivity list
Warning (10492): VHDL Process Statement warning at controlador.vhd(184): signal "INST" is read inside the Process Statement but isn't in the Process Statement's sensitivity list
Warning (10492): VHDL Process Statement warning at controlador.vhd(187): signal "INST" is read inside the Process Statement but isn't in the Process Statement's sensitivity list
Warning (10492): VHDL Process Statement warning at controlador.vhd(192): signal "INST" is read inside the Process Statement but isn't in the Process Statement's sensitivity list
Warning (10492): VHDL Process Statement warning at controlador.vhd(197): signal "INST" is read inside the Process Statement but isn't in the Process Statement's sensitivity list
Warning (10492): VHDL Process Statement warning at controlador.vhd(202): signal "INST" is read inside the Process Statement but isn't in the Process Statement's sensitivity list
Warning (10492): VHDL Process Statement warning at controlador.vhd(212): signal "INST" is read inside the Process Statement but isn't in the Process Statement's sensitivity list
Warning (10492): VHDL Process Statement warning at controlador.vhd(213): signal "INST" is read inside the Process Statement but isn't in the Process Statement's sensitivity list
Warning (10492): VHDL Process Statement warning at controlador.vhd(215): signal "INST" is read inside the Process Statement but isn't in the Process Statement's sensitivity list
Warning (10492): VHDL Process Statement warning at controlador.vhd(220): signal "INST" is read inside the Process Statement but isn't in the Process Statement's sensitivity list
Warning (10492): VHDL Process Statement warning at controlador.vhd(225): signal "INST" is read inside the Process Statement but isn't in the Process Statement's sensitivity list
Warning (10492): VHDL Process Statement warning at controlador.vhd(230): signal "INST" is read inside the Process Statement but isn't in the Process Statement's sensitivity list
Warning (10492): VHDL Process Statement warning at controlador.vhd(240): signal "INST" is read inside the Process Statement but isn't in the Process Statement's sensitivity list
Warning (10492): VHDL Process Statement warning at controlador.vhd(241): signal "INST" is read inside the Process Statement but isn't in the Process Statement's sensitivity list
Warning (10492): VHDL Process Statement warning at controlador.vhd(243): signal "INST" is read inside the Process Statement but isn't in the Process Statement's sensitivity list
Warning (10492): VHDL Process Statement warning at controlador.vhd(248): signal "INST" is read inside the Process Statement but isn't in the Process Statement's sensitivity list
Warning (10492): VHDL Process Statement warning at controlador.vhd(253): signal "INST" is read inside the Process Statement but isn't in the Process Statement's sensitivity list
Warning (10492): VHDL Process Statement warning at controlador.vhd(258): signal "INST" is read inside the Process Statement but isn't in the Process Statement's sensitivity list
Warning (10492): VHDL Process Statement warning at controlador.vhd(268): signal "INST" is read inside the Process Statement but isn't in the Process Statement's sensitivity list
Warning (10492): VHDL Process Statement warning at controlador.vhd(269): signal "INST" is read inside the Process Statement but isn't in the Process Statement's sensitivity list
Warning (10492): VHDL Process Statement warning at controlador.vhd(271): signal "INST" is read inside the Process Statement but isn't in the Process Statement's sensitivity list
Warning (10492): VHDL Process Statement warning at controlador.vhd(276): signal "INST" is read inside the Process Statement but isn't in the Process Statement's sensitivity list
Warning (10492): VHDL Process Statement warning at controlador.vhd(281): signal "INST" is read inside the Process Statement but isn't in the Process Statement's sensitivity list
Warning (10492): VHDL Process Statement warning at controlador.vhd(286): signal "INST" is read inside the Process Statement but isn't in the Process Statement's sensitivity list
Warning (10492): VHDL Process Statement warning at controlador.vhd(296): signal "INST" is read inside the Process Statement but isn't in the Process Statement's sensitivity list
Warning (10492): VHDL Process Statement warning at controlador.vhd(297): signal "INST" is read inside the Process Statement but isn't in the Process Statement's sensitivity list
Warning (10492): VHDL Process Statement warning at controlador.vhd(299): signal "INST" is read inside the Process Statement but isn't in the Process Statement's sensitivity list
Warning (10492): VHDL Process Statement warning at controlador.vhd(304): signal "INST" is read inside the Process Statement but isn't in the Process Statement's sensitivity list
Warning (10492): VHDL Process Statement warning at controlador.vhd(309): signal "INST" is read inside the Process Statement but isn't in the Process Statement's sensitivity list
Warning (10492): VHDL Process Statement warning at controlador.vhd(314): signal "INST" is read inside the Process Statement but isn't in the Process Statement's sensitivity list
Warning (10492): VHDL Process Statement warning at controlador.vhd(324): signal "INST" is read inside the Process Statement but isn't in the Process Statement's sensitivity list
Warning (10492): VHDL Process Statement warning at controlador.vhd(325): signal "INST" is read inside the Process Statement but isn't in the Process Statement's sensitivity list
Warning (10492): VHDL Process Statement warning at controlador.vhd(330): signal "INST" is read inside the Process Statement but isn't in the Process Statement's sensitivity list
Warning (10492): VHDL Process Statement warning at controlador.vhd(335): signal "INST" is read inside the Process Statement but isn't in the Process Statement's sensitivity list
Warning (10492): VHDL Process Statement warning at controlador.vhd(340): signal "INST" is read inside the Process Statement but isn't in the Process Statement's sensitivity list
Warning (10492): VHDL Process Statement warning at controlador.vhd(355): signal "INST" is read inside the Process Statement but isn't in the Process Statement's sensitivity list
Warning (10492): VHDL Process Statement warning at controlador.vhd(365): signal "INST" is read inside the Process Statement but isn't in the Process Statement's sensitivity list
Warning (10492): VHDL Process Statement warning at controlador.vhd(370): signal "INST" is read inside the Process Statement but isn't in the Process Statement's sensitivity list
Warning (10492): VHDL Process Statement warning at controlador.vhd(375): signal "INST" is read inside the Process Statement but isn't in the Process Statement's sensitivity list
Warning (10492): VHDL Process Statement warning at controlador.vhd(380): signal "INST" is read inside the Process Statement but isn't in the Process Statement's sensitivity list
Warning (10631): VHDL Process Statement warning at controlador.vhd(122): inferring latch(es) for signal or variable "ld_Raux", which holds its previous value in one or more paths through the process
Warning (10631): VHDL Process Statement warning at controlador.vhd(122): inferring latch(es) for signal or variable "ld_IR", which holds its previous value in one or more paths through the process
Warning (10631): VHDL Process Statement warning at controlador.vhd(122): inferring latch(es) for signal or variable "ld_Ra", which holds its previous value in one or more paths through the process
Warning (10631): VHDL Process Statement warning at controlador.vhd(122): inferring latch(es) for signal or variable "ld_Rb", which holds its previous value in one or more paths through the process
Warning (10631): VHDL Process Statement warning at controlador.vhd(122): inferring latch(es) for signal or variable "ld_Rc", which holds its previous value in one or more paths through the process
Warning (10631): VHDL Process Statement warning at controlador.vhd(122): inferring latch(es) for signal or variable "ld_Rd", which holds its previous value in one or more paths through the process
Warning (10631): VHDL Process Statement warning at controlador.vhd(122): inferring latch(es) for signal or variable "ld_Rout", which holds its previous value in one or more paths through the process
Warning (10631): VHDL Process Statement warning at controlador.vhd(122): inferring latch(es) for signal or variable "INST_EXEC_SIG", which holds its previous value in one or more paths through the process
Warning (10631): VHDL Process Statement warning at controlador.vhd(122): inferring latch(es) for signal or variable "Sel_ALU", which holds its previous value in one or more paths through the process
Warning (10631): VHDL Process Statement warning at controlador.vhd(122): inferring latch(es) for signal or variable "Sel_Mux_1", which holds its previous value in one or more paths through the process
Warning (10631): VHDL Process Statement warning at controlador.vhd(122): inferring latch(es) for signal or variable "Sel_Mux_2", which holds its previous value in one or more paths through the process
Warning (10631): VHDL Process Statement warning at controlador.vhd(122): inferring latch(es) for signal or variable "Sel_Mux_0", which holds its previous value in one or more paths through the process
Info (10041): Inferred latch for "Sel_Mux_0[0]" at controlador.vhd(122)
Info (10041): Inferred latch for "Sel_Mux_0[1]" at controlador.vhd(122)
Info (10041): Inferred latch for "Sel_Mux_0[2]" at controlador.vhd(122)
Info (10041): Inferred latch for "Sel_Mux_2[0]" at controlador.vhd(122)
Info (10041): Inferred latch for "Sel_Mux_2[1]" at controlador.vhd(122)
Info (10041): Inferred latch for "Sel_Mux_1[0]" at controlador.vhd(122)
Info (10041): Inferred latch for "Sel_Mux_1[1]" at controlador.vhd(122)
Info (10041): Inferred latch for "Sel_ALU[0]" at controlador.vhd(122)
Info (10041): Inferred latch for "Sel_ALU[1]" at controlador.vhd(122)
Info (10041): Inferred latch for "Sel_ALU[2]" at controlador.vhd(122)
Info (10041): Inferred latch for "INST_EXEC_SIG" at controlador.vhd(122)
Info (10041): Inferred latch for "ld_Rout" at controlador.vhd(122)
Info (10041): Inferred latch for "ld_Rd" at controlador.vhd(122)
Info (10041): Inferred latch for "ld_Rc" at controlador.vhd(122)
Info (10041): Inferred latch for "ld_Rb" at controlador.vhd(122)
Info (10041): Inferred latch for "ld_Ra" at controlador.vhd(122)
Info (10041): Inferred latch for "ld_IR" at controlador.vhd(122)
Info (10041): Inferred latch for "ld_Raux" at controlador.vhd(122)
Info (13025): Duplicate LATCH primitives merged into single LATCH primitive
    Info (13026): Duplicate LATCH primitive "controlador:controller|ld_IR" merged with LATCH primitive "controlador:controller|ld_Raux"
Warning (13012): Latch controlador:controller|ld_Rout has unsafe behavior
    Warning (13013): Ports D and ENA on the latch are fed by the same signal controlador:controller|estado_atual.SAI
Warning (13012): Latch controlador:controller|Sel_ALU[0] has unsafe behavior
    Warning (13013): Ports D and ENA on the latch are fed by the same signal controlador:controller|estado_atual.SUBTRAI
Warning (13012): Latch controlador:controller|Sel_ALU[1] has unsafe behavior
    Warning (13013): Ports D and ENA on the latch are fed by the same signal controlador:controller|estado_atual.E
Warning (13012): Latch controlador:controller|Sel_ALU[2] has unsafe behavior
    Warning (13013): Ports D and ENA on the latch are fed by the same signal controlador:controller|estado_atual.NAO
Warning (13012): Latch controlador:controller|Sel_Mux_0[1] has unsafe behavior
    Warning (13013): Ports D and ENA on the latch are fed by the same signal controlador:controller|estado_atual.MVI
Warning (13012): Latch controlador:controller|Sel_Mux_0[0] has unsafe behavior
    Warning (13013): Ports D and ENA on the latch are fed by the same signal controlador:controller|estado_atual.MOV
Warning (13012): Latch controlador:controller|ld_Raux has unsafe behavior
    Warning (13013): Ports D and ENA on the latch are fed by the same signal controlador:controller|estado_atual.BUSCA
Info (16010): Generating hard_block partition "hard_block:auto_generated_inst"
    Info (16011): Adding 0 node(s), including 0 DDIO, 0 PLL, 0 transceiver and 0 LCELL
Info (21057): Implemented 408 device resources after synthesis - the final resource count might be different
    Info (21058): Implemented 20 input pins
    Info (21059): Implemented 33 output pins
    Info (21061): Implemented 355 logic cells
Info: Quartus II 32-bit Analysis & Synthesis was successful. 0 errors, 83 warnings
    Info: Peak virtual memory: 368 megabytes
    Info: Processing ended: Tue Nov 21 19:29:15 2017
    Info: Elapsed time: 00:00:15
    Info: Total CPU time (on all processors): 00:00:05


